 
****************************************
Report : reference
Design : KMap_V3_1Row_Approx
Version: O-2018.06-SP1
Date   : Wed Apr  1 21:59:17 2026
****************************************

Attributes:
    b - black box (unknown)
   bo - allows boundary optimization
    d - dont_touch
   mo - map_only
    h - hierarchical
    n - noncombinational
    r - removable
    s - synthetic operator
    u - contains unmapped logic

Reference          Library       Unit Area   Count    Total Area   Attributes
-----------------------------------------------------------------------------
AND3_X1            NangateOpenCellLibrary
                                  1.330000       1      1.330000  
AOI22_X1           NangateOpenCellLibrary
                                  1.330000      23     30.590001  
ExactEncoder_0                    6.118000       1      6.118000  h
ExactEncoder_1                    6.118000       1      6.118000  h
ExactEncoder_2                    6.118000       1      6.118000  h
FA_X1              NangateOpenCellLibrary
                                  4.256000      21     89.376001  r
HA_X1              NangateOpenCellLibrary
                                  2.660000       8     21.280001  r
INV_X1             NangateOpenCellLibrary
                                  0.532000      20     10.640000  
MUX2_X1            NangateOpenCellLibrary
                                  1.862000      27     50.274000  
NAND2_X1           NangateOpenCellLibrary
                                  0.798000      29     23.141999  
NAND3_X1           NangateOpenCellLibrary
                                  1.064000       5      5.320000  
NOR2_X1            NangateOpenCellLibrary
                                  0.798000       7      5.586000  
OAI21_X1           NangateOpenCellLibrary
                                  1.064000       3      3.192000  
OAI221_X1          NangateOpenCellLibrary
                                  1.596000       7     11.172000  
OR2_X1             NangateOpenCellLibrary
                                  1.064000       1      1.064000  
XNOR2_X1           NangateOpenCellLibrary
                                  1.596000       1      1.596000  
XOR2_X1            NangateOpenCellLibrary
                                  1.596000      12     19.151999  
-----------------------------------------------------------------------------
Total 17 references                                   292.068001
1
