Information: Updating design information... (UID-85)
 
****************************************
Report : timing
        -path full
        -delay max
        -max_paths 1
Design : KMap_V3_3Row_Approx
Version: O-2018.06-SP1
Date   : Wed Apr  1 21:59:30 2026
****************************************

Operating Conditions: typical   Library: NangateOpenCellLibrary
Wire Load Model Mode: top

  Startpoint: io_b[1] (input port)
  Endpoint: io_product[14]
            (output port)
  Path Group: default
  Path Type: max

  Des/Clust/Port     Wire Load Model       Library
  ------------------------------------------------
  KMap_V3_3Row_Approx
                     5K_hvratio_1_1        NangateOpenCellLibrary

  Point                                    Incr       Path
  -----------------------------------------------------------
  input external delay                     0.00       0.00 r
  io_b[1] (in)                             0.00       0.00 r
  U118/ZN (INV_X1)                         0.03       0.03 f
  U133/ZN (NOR2_X1)                        0.12       0.15 r
  U168/ZN (NAND2_X1)                       0.04       0.19 f
  U169/ZN (OAI221_X1)                      0.04       0.24 r
  U170/S (HA_X1)                           0.05       0.29 f
  U196/CO (FA_X1)                          0.10       0.39 f
  U195/CO (FA_X1)                          0.09       0.48 f
  U194/CO (FA_X1)                          0.09       0.57 f
  U193/CO (FA_X1)                          0.10       0.67 f
  U179/ZN (NAND2_X1)                       0.03       0.71 r
  U181/ZN (NAND3_X1)                       0.05       0.75 f
  U185/ZN (NAND2_X1)                       0.04       0.79 r
  U187/ZN (NAND3_X1)                       0.04       0.83 f
  U192/CO (FA_X1)                          0.09       0.92 f
  U191/CO (FA_X1)                          0.09       1.01 f
  U190/CO (FA_X1)                          0.09       1.10 f
  U189/CO (FA_X1)                          0.09       1.19 f
  U188/CO (FA_X1)                          0.09       1.28 f
  U206/CO (FA_X1)                          0.09       1.37 f
  U207/S (FA_X1)                           0.13       1.50 r
  io_product[14] (out)                     0.00       1.50 r
  data arrival time                                   1.50

  max_delay                                1.50       1.50
  output external delay                    0.00       1.50
  data required time                                  1.50
  -----------------------------------------------------------
  data required time                                  1.50
  data arrival time                                  -1.50
  -----------------------------------------------------------
  slack (MET)                                         0.00


1
