Information: Updating design information... (UID-85)
 
****************************************
Report : timing
        -path full
        -delay max
        -max_paths 1
Design : KMap_2Row_Approx
Version: O-2018.06-SP1
Date   : Wed Apr  1 21:01:47 2026
****************************************

Operating Conditions: typical   Library: NangateOpenCellLibrary
Wire Load Model Mode: top

  Startpoint: io_a[4] (input port)
  Endpoint: io_product[14]
            (output port)
  Path Group: default
  Path Type: max

  Des/Clust/Port     Wire Load Model       Library
  ------------------------------------------------
  KMap_2Row_Approx   5K_hvratio_1_1        NangateOpenCellLibrary

  Point                                    Incr       Path
  -----------------------------------------------------------
  input external delay                     0.00       0.00 r
  io_a[4] (in)                             0.00       0.00 r
  U113/ZN (INV_X1)                         0.03       0.03 f
  U94/ZN (NAND4_X1)                        0.04       0.07 r
  U114/ZN (NOR3_X1)                        0.02       0.09 f
  U92/ZN (AOI211_X1)                       0.13       0.23 r
  U115/ZN (INV_X1)                         0.07       0.29 f
  U137/ZN (AOI22_X1)                       0.08       0.38 r
  U139/S (HA_X1)                           0.06       0.43 f
  U143/ZN (NAND2_X1)                       0.04       0.47 r
  U144/ZN (NAND2_X1)                       0.03       0.50 f
  U145/ZN (NAND2_X1)                       0.03       0.53 r
  U149/ZN (NAND3_X1)                       0.05       0.58 f
  U153/ZN (NAND2_X1)                       0.04       0.61 r
  U155/ZN (NAND3_X1)                       0.05       0.66 f
  U159/ZN (NAND2_X1)                       0.04       0.69 r
  U161/ZN (NAND3_X1)                       0.04       0.73 f
  U223/CO (FA_X1)                          0.09       0.82 f
  U81/ZN (AOI21_X1)                        0.06       0.88 r
  U84/ZN (OAI21_X1)                        0.04       0.92 f
  U91/ZN (AOI22_X1)                        0.05       0.97 r
  U214/ZN (INV_X1)                         0.03       1.00 f
  U222/CO (FA_X1)                          0.10       1.09 f
  U218/ZN (NAND2_X1)                       0.03       1.13 r
  U220/ZN (NAND3_X1)                       0.04       1.16 f
  U221/CO (FA_X1)                          0.09       1.25 f
  U229/CO (FA_X1)                          0.09       1.34 f
  U230/S (FA_X1)                           0.13       1.47 r
  io_product[14] (out)                     0.00       1.47 r
  data arrival time                                   1.47

  max_delay                                1.50       1.50
  output external delay                    0.00       1.50
  data required time                                  1.50
  -----------------------------------------------------------
  data required time                                  1.50
  data arrival time                                  -1.47
  -----------------------------------------------------------
  slack (MET)                                         0.03


1
