Information: Propagating switching activity (medium effort zero delay simulation). (PWR-6)
Warning: There is no defined clock in the design. (PWR-80)
 
****************************************
Report : power
        -analysis_effort medium
Design : KMap_3Row_Approx
Version: O-2018.06-SP1
Date   : Wed Apr  1 21:01:54 2026
****************************************


Library(s) Used:

    NangateOpenCellLibrary (File: /home/ICer/approx_project/R4ABM2/nangate45/lib/NangateOpenCellLibrary_typical.db)


Operating Conditions: typical   Library: NangateOpenCellLibrary
Wire Load Model Mode: top

Design        Wire Load Model            Library
------------------------------------------------
KMap_3Row_Approx       5K_hvratio_1_1    NangateOpenCellLibrary


Global Operating Voltage = 1.1  
Power-specific unit information :
    Voltage Units = 1V
    Capacitance Units = 1.000000ff
    Time Units = 1ns
    Dynamic Power Units = 1uW    (derived from V,C,T units)
    Leakage Power Units = 1nW


  Cell Internal Power  = 134.3205 uW   (51%)
  Net Switching Power  = 130.3704 uW   (49%)
                         ---------
Total Dynamic Power    = 264.6909 uW  (100%)

Cell Leakage Power     =   5.1988 uW

Information: report_power power group summary does not include estimated clock tree power. (PWR-789)

                 Internal         Switching           Leakage            Total
Power Group      Power            Power               Power              Power   (   %    )  Attrs
--------------------------------------------------------------------------------------------------
io_pad             0.0000            0.0000            0.0000            0.0000  (   0.00%)
memory             0.0000            0.0000            0.0000            0.0000  (   0.00%)
black_box          0.0000            0.0000            0.0000            0.0000  (   0.00%)
clock_network      0.0000            0.0000            0.0000            0.0000  (   0.00%)
register           0.0000            0.0000            0.0000            0.0000  (   0.00%)
sequential         0.0000            0.0000            0.0000            0.0000  (   0.00%)
combinational    134.3205          130.3704        5.1988e+03          269.8896  ( 100.00%)
--------------------------------------------------------------------------------------------------
Total            134.3205 uW       130.3704 uW     5.1988e+03 nW       269.8896 uW
1
