Information: Updating design information... (UID-85)
 
****************************************
Report : timing
        -path full
        -delay max
        -max_paths 1
Design : KMap_V3_Final_SchemeD
Version: V-2023.12-SP3
Date   : Thu Apr  2 22:56:23 2026
****************************************

Operating Conditions: typical   Library: NangateOpenCellLibrary
Wire Load Model Mode: top

  Startpoint: io_b[1] (input port)
  Endpoint: io_product[13]
            (output port)
  Path Group: default
  Path Type: max

  Des/Clust/Port     Wire Load Model       Library
  ------------------------------------------------
  KMap_V3_Final_SchemeD
                     5K_hvratio_1_1        NangateOpenCellLibrary

  Point                                    Incr       Path
  -----------------------------------------------------------
  input external delay                     0.00       0.00 r
  io_b[1] (in)                             0.00       0.00 r
  U82/ZN (INV_X1)                          0.03       0.03 f
  U85/ZN (NOR2_X1)                         0.08       0.11 r
  U98/ZN (INV_X1)                          0.04       0.15 f
  U169/ZN (OAI22_X1)                       0.06       0.22 r
  U170/ZN (AOI21_X1)                       0.03       0.25 f
  U172/ZN (NOR2_X1)                        0.06       0.31 r
  U177/ZN (AOI21_X1)                       0.03       0.34 f
  intadd_1/U13/CO (FA_X1)                  0.09       0.43 f
  intadd_1/U12/CO (FA_X1)                  0.09       0.53 f
  intadd_1/U11/CO (FA_X1)                  0.09       0.62 f
  intadd_1/U10/CO (FA_X1)                  0.09       0.71 f
  intadd_1/U9/CO (FA_X1)                   0.09       0.80 f
  intadd_1/U8/CO (FA_X1)                   0.09       0.89 f
  intadd_1/U7/CO (FA_X1)                   0.09       0.98 f
  intadd_1/U6/CO (FA_X1)                   0.09       1.07 f
  intadd_1/U5/CO (FA_X1)                   0.09       1.16 f
  intadd_1/U4/CO (FA_X1)                   0.09       1.25 f
  intadd_1/U3/CO (FA_X1)                   0.09       1.34 f
  intadd_1/U2/S (FA_X1)                    0.13       1.47 r
  io_product[13] (out)                     0.00       1.47 r
  data arrival time                                   1.47

  max_delay                                1.50       1.50
  output external delay                    0.00       1.50
  data required time                                  1.50
  -----------------------------------------------------------
  data required time                                  1.50
  data arrival time                                  -1.47
  -----------------------------------------------------------
  slack (MET)                                         0.03


1
