 
****************************************
Report : reference
Design : KMap_V3_Final_SchemeD
Version: V-2023.12-SP3
Date   : Thu Apr  2 22:56:23 2026
****************************************

Attributes:
    b - black box (unknown)
   bo - allows boundary optimization
    d - dont_touch
   mo - map_only
    h - hierarchical
    n - noncombinational
    r - removable
    s - synthetic operator
    u - contains unmapped logic

Reference          Library       Unit Area   Count    Total Area   Attributes
-----------------------------------------------------------------------------
AOI21_X1           NangateOpenCellLibrary
                                  1.064000       9      9.576000  
AOI22_X1           NangateOpenCellLibrary
                                  1.330000      27     35.910001  
AOI211_X1          NangateOpenCellLibrary
                                  1.330000       1      1.330000  
AOI221_X1          NangateOpenCellLibrary
                                  1.596000       1      1.596000  
FA_X1              NangateOpenCellLibrary
                                  4.256000      24    102.144001  r
INV_X1             NangateOpenCellLibrary
                                  0.532000      40     21.280000  
NAND2_X1           NangateOpenCellLibrary
                                  0.798000       7      5.586000  
NOR2_X1            NangateOpenCellLibrary
                                  0.798000       5      3.990000  
OAI21_X1           NangateOpenCellLibrary
                                  1.064000       8      8.512000  
OAI22_X1           NangateOpenCellLibrary
                                  1.330000       3      3.990000  
XOR2_X1            NangateOpenCellLibrary
                                  1.596000       2      3.192000  
-----------------------------------------------------------------------------
Total 11 references                                   197.106002
1
