Information: Updating design information... (UID-85)
 
****************************************
Report : timing
        -path full
        -delay max
        -max_paths 1
Design : StructuralExactBooth8
Version: V-2023.12-SP3
Date   : Thu Apr  2 22:56:21 2026
****************************************

Operating Conditions: typical   Library: NangateOpenCellLibrary
Wire Load Model Mode: top

  Startpoint: io_b[1] (input port)
  Endpoint: io_product[14]
            (output port)
  Path Group: default
  Path Type: max

  Des/Clust/Port     Wire Load Model       Library
  ------------------------------------------------
  StructuralExactBooth8
                     5K_hvratio_1_1        NangateOpenCellLibrary

  Point                                                   Incr       Path
  --------------------------------------------------------------------------
  input external delay                                    0.00       0.00 r
  io_b[1] (in)                                            0.00       0.00 r
  encoders_1/io_b_bits[0] (ExactEncoder_2)                0.00       0.00 r
  encoders_1/U2/ZN (OR2_X1)                               0.04       0.04 r
  encoders_1/U5/ZN (AOI22_X1)                             0.04       0.08 f
  encoders_1/io_zero (ExactEncoder_2)                     0.00       0.08 f
  U96/ZN (INV_X1)                                         0.03       0.11 r
  U97/ZN (NAND2_X1)                                       0.03       0.14 f
  U98/ZN (INV_X1)                                         0.06       0.21 r
  U260/ZN (AOI22_X1)                                      0.05       0.26 f
  U261/ZN (NOR2_X1)                                       0.07       0.33 r
  U277/ZN (AOI21_X1)                                      0.03       0.36 f
  intadd_0/U14/CO (FA_X1)                                 0.09       0.45 f
  intadd_0/U13/CO (FA_X1)                                 0.10       0.55 f
  U197/ZN (NAND2_X1)                                      0.03       0.59 r
  U199/ZN (NAND3_X1)                                      0.05       0.63 f
  U215/ZN (NAND2_X1)                                      0.03       0.67 r
  U87/ZN (AND3_X1)                                        0.06       0.73 r
  U90/ZN (OAI21_X1)                                       0.03       0.76 f
  intadd_0/U9/CO (FA_X1)                                  0.09       0.85 f
  intadd_0/U8/CO (FA_X1)                                  0.09       0.94 f
  intadd_0/U7/CO (FA_X1)                                  0.10       1.04 f
  U149/ZN (NAND2_X1)                                      0.03       1.07 r
  U151/ZN (NAND3_X1)                                      0.05       1.12 f
  U162/ZN (NAND2_X1)                                      0.04       1.16 r
  U164/ZN (NAND3_X1)                                      0.05       1.20 f
  U175/ZN (NAND2_X1)                                      0.03       1.24 r
  U89/ZN (AND3_X1)                                        0.06       1.29 r
  U88/ZN (OAI21_X1)                                       0.03       1.33 f
  intadd_0/U2/S (FA_X1)                                   0.12       1.45 r
  io_product[14] (out)                                    0.00       1.46 r
  data arrival time                                                  1.46

  max_delay                                               1.50       1.50
  output external delay                                   0.00       1.50
  data required time                                                 1.50
  --------------------------------------------------------------------------
  data required time                                                 1.50
  data arrival time                                                 -1.46
  --------------------------------------------------------------------------
  slack (MET)                                                        0.04


1
