 
****************************************
Report : area
Design : StructuralExactBooth8
Version: V-2023.12-SP3
Date   : Thu Apr  2 22:56:21 2026
****************************************

Library(s) Used:

    NangateOpenCellLibrary (File: /home/qq/EDA/libraries/nangate45/NangateOpenCellLibrary_typical.db)

Number of ports:                           62
Number of nets:                           290
Number of cells:                          231
Number of combinational cells:            227
Number of sequential cells:                 0
Number of macros/black boxes:               0
Number of buf/inv:                         39
Number of references:                      19

Combinational area:                301.112001
Buf/Inv area:                       20.748000
Noncombinational area:               0.000000
Macro/Black Box area:                0.000000
Net Interconnect area:      undefined  (Wire load has zero net area)

Total cell area:                   301.112001
Total area:                 undefined

Hierarchical area distribution
------------------------------

                                  Global cell area          Local cell area
                                  ------------------  --------------------------- 
Hierarchical cell                 Absolute   Percent  Combi-    Noncombi-  Black-
                                  Total      Total    national  national   boxes   Design
--------------------------------  ---------  -------  --------  ---------  ------  --------------
StructuralExactBooth8              301.1120    100.0  280.6300     0.0000  0.0000  StructuralExactBooth8
encoders_0                           2.1280      0.7    2.1280     0.0000  0.0000  ExactEncoder_3
encoders_1                           6.1180      2.0    6.1180     0.0000  0.0000  ExactEncoder_2
encoders_2                           6.1180      2.0    6.1180     0.0000  0.0000  ExactEncoder_1
encoders_3                           6.1180      2.0    6.1180     0.0000  0.0000  ExactEncoder_0
--------------------------------  ---------  -------  --------  ---------  ------  --------------
Total                                                 301.1120     0.0000  0.0000

1
