 
****************************************
Report : area
Design : KMap_V3_Exp1_BaseNoZG
Version: O-2018.06-SP1
Date   : Sun Mar  8 13:42:24 2026
****************************************

Information: Updating design information... (UID-85)
Library(s) Used:

    NangateOpenCellLibrary (File: /home/ICer/approx_project/R4ABM2/nangate45/lib/NangateOpenCellLibrary_typical.db)

Number of ports:                           34
Number of nets:                           155
Number of cells:                          115
Number of combinational cells:            115
Number of sequential cells:                 0
Number of macros/black boxes:               0
Number of buf/inv:                         39
Number of references:                      11

Combinational area:                185.668002
Buf/Inv area:                       20.748000
Noncombinational area:               0.000000
Macro/Black Box area:                0.000000
Net Interconnect area:      undefined  (Wire load has zero net area)

Total cell area:                   185.668002
Total area:                 undefined
1
