 
****************************************
Report : area
Design : KMap_V3_1Row_Approx
Version: O-2018.06-SP1
Date   : Wed Apr  1 21:59:17 2026
****************************************

Library(s) Used:

    NangateOpenCellLibrary (File: /home/ICer/approx_project/R4ABM2/nangate45/lib/NangateOpenCellLibrary_typical.db)

Number of ports:                           55
Number of nets:                           249
Number of cells:                          186
Number of combinational cells:            183
Number of sequential cells:                 0
Number of macros/black boxes:               0
Number of buf/inv:                         23
Number of references:                      17

Combinational area:                292.068001
Buf/Inv area:                       12.236000
Noncombinational area:               0.000000
Macro/Black Box area:                0.000000
Net Interconnect area:      undefined  (Wire load has zero net area)

Total cell area:                   292.068001
Total area:                 undefined

Hierarchical area distribution
------------------------------

                                  Global cell area          Local cell area
                                  ------------------  --------------------------- 
Hierarchical cell                 Absolute   Percent  Combi-    Noncombi-  Black-
                                  Total      Total    national  national   boxes   Design
--------------------------------  ---------  -------  --------  ---------  ------  --------------
KMap_V3_1Row_Approx                292.0680    100.0  273.7140     0.0000  0.0000  KMap_V3_1Row_Approx
encoders_0                           6.1180      2.1    6.1180     0.0000  0.0000  ExactEncoder_2
encoders_1                           6.1180      2.1    6.1180     0.0000  0.0000  ExactEncoder_1
encoders_2                           6.1180      2.1    6.1180     0.0000  0.0000  ExactEncoder_0
--------------------------------  ---------  -------  --------  ---------  ------  --------------
Total                                                 292.0680     0.0000  0.0000

1
