Information: Propagating switching activity (medium effort zero delay simulation). (PWR-6)
Warning: There is no defined clock in the design. (PWR-80)
 
****************************************
Report : power
        -analysis_effort medium
Design : KMap_V3_4Row_Approx
Version: O-2018.06-SP1
Date   : Wed Apr  1 21:59:36 2026
****************************************


Library(s) Used:

    NangateOpenCellLibrary (File: /home/ICer/approx_project/R4ABM2/nangate45/lib/NangateOpenCellLibrary_typical.db)


Operating Conditions: typical   Library: NangateOpenCellLibrary
Wire Load Model Mode: top

Design        Wire Load Model            Library
------------------------------------------------
KMap_V3_4Row_Approx    5K_hvratio_1_1    NangateOpenCellLibrary


Global Operating Voltage = 1.1  
Power-specific unit information :
    Voltage Units = 1V
    Capacitance Units = 1.000000ff
    Time Units = 1ns
    Dynamic Power Units = 1uW    (derived from V,C,T units)
    Leakage Power Units = 1nW


  Cell Internal Power  = 108.4996 uW   (54%)
  Net Switching Power  =  94.1725 uW   (46%)
                         ---------
Total Dynamic Power    = 202.6721 uW  (100%)

Cell Leakage Power     =   4.2226 uW

Information: report_power power group summary does not include estimated clock tree power. (PWR-789)

                 Internal         Switching           Leakage            Total
Power Group      Power            Power               Power              Power   (   %    )  Attrs
--------------------------------------------------------------------------------------------------
io_pad             0.0000            0.0000            0.0000            0.0000  (   0.00%)
memory             0.0000            0.0000            0.0000            0.0000  (   0.00%)
black_box          0.0000            0.0000            0.0000            0.0000  (   0.00%)
clock_network      0.0000            0.0000            0.0000            0.0000  (   0.00%)
register           0.0000            0.0000            0.0000            0.0000  (   0.00%)
sequential         0.0000            0.0000            0.0000            0.0000  (   0.00%)
combinational    108.4996           94.1725        4.2226e+03          206.8946  ( 100.00%)
--------------------------------------------------------------------------------------------------
Total            108.4996 uW        94.1725 uW     4.2226e+03 nW       206.8946 uW
1
