Information: Updating design information... (UID-85)
 
****************************************
Report : timing
        -path full
        -delay max
        -max_paths 1
Design : KMap_4Row_ZG_EmbeddedNeg
Version: O-2018.06-SP1
Date   : Wed Apr  1 21:02:00 2026
****************************************

Operating Conditions: typical   Library: NangateOpenCellLibrary
Wire Load Model Mode: top

  Startpoint: io_a[5] (input port)
  Endpoint: io_product[13]
            (output port)
  Path Group: default
  Path Type: max

  Des/Clust/Port     Wire Load Model       Library
  ------------------------------------------------
  KMap_4Row_ZG_EmbeddedNeg
                     5K_hvratio_1_1        NangateOpenCellLibrary

  Point                                    Incr       Path
  -----------------------------------------------------------
  input external delay                     0.00       0.00 r
  io_a[5] (in)                             0.00       0.00 r
  U79/ZN (INV_X1)                          0.03       0.03 f
  U68/ZN (NAND4_X1)                        0.04       0.07 r
  U97/ZN (NOR3_X1)                         0.02       0.10 f
  U98/ZN (AOI211_X1)                       0.13       0.23 r
  U99/ZN (INV_X1)                          0.07       0.30 f
  U116/ZN (AOI22_X1)                       0.08       0.38 r
  U118/S (HA_X1)                           0.05       0.43 f
  U123/ZN (NAND2_X1)                       0.03       0.47 r
  U124/ZN (NAND3_X1)                       0.05       0.52 f
  U125/ZN (NAND2_X1)                       0.04       0.55 r
  U129/ZN (NAND3_X1)                       0.03       0.59 f
  U179/CO (FA_X1)                          0.09       0.68 f
  U70/ZN (AOI22_X1)                        0.05       0.73 r
  U132/ZN (INV_X1)                         0.03       0.76 f
  U178/CO (FA_X1)                          0.10       0.85 f
  U143/ZN (NAND2_X1)                       0.03       0.89 r
  U145/ZN (NAND3_X1)                       0.05       0.93 f
  U154/ZN (NAND2_X1)                       0.04       0.97 r
  U156/ZN (NAND3_X1)                       0.05       1.02 f
  U164/ZN (NAND2_X1)                       0.04       1.05 r
  U166/ZN (NAND3_X1)                       0.04       1.09 f
  U167/ZN (INV_X1)                         0.03       1.12 r
  U64/ZN (OAI21_X1)                        0.04       1.16 f
  U65/ZN (NAND2_X1)                        0.03       1.19 r
  U177/ZN (NAND3_X1)                       0.04       1.23 f
  U184/CO (FA_X1)                          0.09       1.32 f
  U185/S (FA_X1)                           0.13       1.45 r
  io_product[13] (out)                     0.00       1.45 r
  data arrival time                                   1.45

  max_delay                                1.50       1.50
  output external delay                    0.00       1.50
  data required time                                  1.50
  -----------------------------------------------------------
  data required time                                  1.50
  data arrival time                                  -1.45
  -----------------------------------------------------------
  slack (MET)                                         0.05


1
