 
****************************************
Report : area
Design : KMap_V3_3Row_Approx
Version: O-2018.06-SP1
Date   : Wed Apr  1 21:59:30 2026
****************************************

Library(s) Used:

    NangateOpenCellLibrary (File: /home/ICer/approx_project/R4ABM2/nangate45/lib/NangateOpenCellLibrary_typical.db)

Number of ports:                           41
Number of nets:                           186
Number of cells:                          133
Number of combinational cells:            132
Number of sequential cells:                 0
Number of macros/black boxes:               0
Number of buf/inv:                         24
Number of references:                      15

Combinational area:                229.558002
Buf/Inv area:                       12.768000
Noncombinational area:               0.000000
Macro/Black Box area:                0.000000
Net Interconnect area:      undefined  (Wire load has zero net area)

Total cell area:                   229.558002
Total area:                 undefined

Hierarchical area distribution
------------------------------

                                  Global cell area          Local cell area
                                  ------------------  --------------------------- 
Hierarchical cell                 Absolute   Percent  Combi-    Noncombi-  Black-
                                  Total      Total    national  national   boxes   Design
--------------------------------  ---------  -------  --------  ---------  ------  ------------
KMap_V3_3Row_Approx                229.5580    100.0  223.4400     0.0000  0.0000  KMap_V3_3Row_Approx
encoders_0                           6.1180      2.7    6.1180     0.0000  0.0000  ExactEncoder
--------------------------------  ---------  -------  --------  ---------  ------  ------------
Total                                                 229.5580     0.0000  0.0000

1
