 
****************************************
Report : reference
Design : KMap_4Row_ZG_EmbeddedNeg_BARC
Version: O-2018.06-SP1
Date   : Tue Mar 31 23:13:02 2026
****************************************

Attributes:
    b - black box (unknown)
   bo - allows boundary optimization
    d - dont_touch
   mo - map_only
    h - hierarchical
    n - noncombinational
    r - removable
    s - synthetic operator
    u - contains unmapped logic

Reference          Library       Unit Area   Count    Total Area   Attributes
-----------------------------------------------------------------------------
AND2_X1            NangateOpenCellLibrary
                                  1.064000       2      2.128000  
AND3_X1            NangateOpenCellLibrary
                                  1.330000       1      1.330000  
AOI21_X1           NangateOpenCellLibrary
                                  1.064000       2      2.128000  
AOI22_X1           NangateOpenCellLibrary
                                  1.330000      28     37.240001  
AOI211_X1          NangateOpenCellLibrary
                                  1.330000       1      1.330000  
FA_X1              NangateOpenCellLibrary
                                  4.256000      14     59.584001  r
HA_X1              NangateOpenCellLibrary
                                  2.660000       7     18.620001  r
INV_X1             NangateOpenCellLibrary
                                  0.532000      27     14.364000  
MUX2_X1            NangateOpenCellLibrary
                                  1.862000       1      1.862000  
NAND2_X1           NangateOpenCellLibrary
                                  0.798000      30     23.939999  
NAND3_X1           NangateOpenCellLibrary
                                  1.064000       5      5.320000  
NOR2_X1            NangateOpenCellLibrary
                                  0.798000       5      3.990000  
NOR4_X1            NangateOpenCellLibrary
                                  1.330000       1      1.330000  
OAI21_X1           NangateOpenCellLibrary
                                  1.064000      10     10.640000  
OAI22_X1           NangateOpenCellLibrary
                                  1.330000       1      1.330000  
OAI221_X1          NangateOpenCellLibrary
                                  1.596000       5      7.980000  
OR2_X1             NangateOpenCellLibrary
                                  1.064000       5      5.320000  
XNOR2_X1           NangateOpenCellLibrary
                                  1.596000      10     15.960000  
XOR2_X1            NangateOpenCellLibrary
                                  1.596000      12     19.151999  
-----------------------------------------------------------------------------
Total 19 references                                   233.548001
1
