 
****************************************
Report : reference
Design : KMap_4Row_ZG_EmbeddedNeg
Version: O-2018.06-SP1
Date   : Tue Mar 31 23:12:51 2026
****************************************

Attributes:
    b - black box (unknown)
   bo - allows boundary optimization
    d - dont_touch
   mo - map_only
    h - hierarchical
    n - noncombinational
    r - removable
    s - synthetic operator
    u - contains unmapped logic

Reference          Library       Unit Area   Count    Total Area   Attributes
-----------------------------------------------------------------------------
AOI21_X1           NangateOpenCellLibrary
                                  1.064000       2      2.128000  
AOI22_X1           NangateOpenCellLibrary
                                  1.330000      33     43.890001  
AOI211_X1          NangateOpenCellLibrary
                                  1.330000       1      1.330000  
FA_X1              NangateOpenCellLibrary
                                  4.256000      16     68.096001  r
HA_X1              NangateOpenCellLibrary
                                  2.660000       7     18.620001  r
INV_X1             NangateOpenCellLibrary
                                  0.532000      25     13.300000  
NAND2_X1           NangateOpenCellLibrary
                                  0.798000      20     15.960000  
NAND3_X1           NangateOpenCellLibrary
                                  1.064000       6      6.384000  
NAND4_X1           NangateOpenCellLibrary
                                  1.330000       1      1.330000  
NOR2_X1            NangateOpenCellLibrary
                                  0.798000       3      2.394000  
NOR3_X1            NangateOpenCellLibrary
                                  1.064000       1      1.064000  
OAI21_X1           NangateOpenCellLibrary
                                  1.064000       4      4.256000  
OR2_X1             NangateOpenCellLibrary
                                  1.064000       2      2.128000  
XNOR2_X1           NangateOpenCellLibrary
                                  1.596000       5      7.980000  
XOR2_X1            NangateOpenCellLibrary
                                  1.596000      12     19.151999  
-----------------------------------------------------------------------------
Total 15 references                                   208.012002
1
