 
****************************************
Report : reference
Design : KMap_2Row_Approx
Version: O-2018.06-SP1
Date   : Tue Mar 31 23:12:39 2026
****************************************

Attributes:
    b - black box (unknown)
   bo - allows boundary optimization
    d - dont_touch
   mo - map_only
    h - hierarchical
    n - noncombinational
    r - removable
    s - synthetic operator
    u - contains unmapped logic

Reference          Library       Unit Area   Count    Total Area   Attributes
-----------------------------------------------------------------------------
AND2_X1            NangateOpenCellLibrary
                                  1.064000       2      2.128000  
AOI21_X1           NangateOpenCellLibrary
                                  1.064000       1      1.064000  
AOI22_X1           NangateOpenCellLibrary
                                  1.330000      31     41.230001  
AOI211_X1          NangateOpenCellLibrary
                                  1.330000       1      1.330000  
ExactEncoder_0                    6.118000       1      6.118000  h
ExactEncoder_1                    6.118000       1      6.118000  h
FA_X1              NangateOpenCellLibrary
                                  4.256000      18     76.608001  r
HA_X1              NangateOpenCellLibrary
                                  2.660000       6     15.960001  r
INV_X1             NangateOpenCellLibrary
                                  0.532000      26     13.832000  
MUX2_X1            NangateOpenCellLibrary
                                  1.862000      18     33.516000  
NAND2_X1           NangateOpenCellLibrary
                                  0.798000      20     15.960000  
NAND3_X1           NangateOpenCellLibrary
                                  1.064000       5      5.320000  
NAND4_X1           NangateOpenCellLibrary
                                  1.330000       1      1.330000  
NOR2_X1            NangateOpenCellLibrary
                                  0.798000       7      5.586000  
NOR3_X1            NangateOpenCellLibrary
                                  1.064000       1      1.064000  
OAI21_X1           NangateOpenCellLibrary
                                  1.064000       4      4.256000  
OR2_X1             NangateOpenCellLibrary
                                  1.064000       3      3.192000  
XNOR2_X1           NangateOpenCellLibrary
                                  1.596000       8     12.768000  
XOR2_X1            NangateOpenCellLibrary
                                  1.596000      10     15.960000  
-----------------------------------------------------------------------------
Total 19 references                                   263.340002
1
