Information: Updating design information... (UID-85)
 
****************************************
Report : timing
        -path full
        -delay max
        -max_paths 1
Design : StructuralExactBooth8
Version: O-2018.06-SP1
Date   : Tue Mar 31 23:12:26 2026
****************************************

Operating Conditions: typical   Library: NangateOpenCellLibrary
Wire Load Model Mode: top

  Startpoint: io_b[1] (input port)
  Endpoint: io_product[15]
            (output port)
  Path Group: default
  Path Type: max

  Des/Clust/Port     Wire Load Model       Library
  ------------------------------------------------
  StructuralExactBooth8
                     5K_hvratio_1_1        NangateOpenCellLibrary

  Point                                                   Incr       Path
  --------------------------------------------------------------------------
  input external delay                                    0.00       0.00 r
  io_b[1] (in)                                            0.00       0.00 r
  encoders_0/io_b_bits[2] (ExactEncoder_3)                0.00       0.00 r
  encoders_0/U1/ZN (INV_X1)                               0.02       0.02 f
  encoders_0/U2/ZN (NOR2_X1)                              0.11       0.14 r
  encoders_0/io_two (ExactEncoder_3)                      0.00       0.14 r
  U179/ZN (AOI22_X1)                                      0.05       0.18 f
  U180/Z (MUX2_X1)                                        0.07       0.25 f
  U185/S (HA_X1)                                          0.08       0.34 f
  U199/CO (FA_X1)                                         0.09       0.43 f
  U198/CO (FA_X1)                                         0.09       0.52 f
  U197/CO (FA_X1)                                         0.09       0.61 f
  U196/CO (FA_X1)                                         0.09       0.70 f
  U195/CO (FA_X1)                                         0.09       0.79 f
  U194/CO (FA_X1)                                         0.09       0.88 f
  U193/CO (FA_X1)                                         0.09       0.97 f
  U192/CO (FA_X1)                                         0.10       1.07 f
  U189/ZN (NAND2_X1)                                      0.03       1.10 r
  U191/ZN (NAND3_X1)                                      0.04       1.14 f
  U208/CO (FA_X1)                                         0.09       1.23 f
  U216/CO (FA_X1)                                         0.10       1.33 f
  U219/ZN (NAND2_X1)                                      0.04       1.37 r
  U221/ZN (NAND3_X1)                                      0.05       1.41 f
  U229/ZN (NAND2_X1)                                      0.04       1.45 r
  U230/ZN (AND3_X1)                                       0.05       1.50 r
  io_product[15] (out)                                    0.00       1.50 r
  data arrival time                                                  1.50

  max_delay                                               1.50       1.50
  output external delay                                   0.00       1.50
  data required time                                                 1.50
  --------------------------------------------------------------------------
  data required time                                                 1.50
  data arrival time                                                 -1.50
  --------------------------------------------------------------------------
  slack (MET)                                                        0.00


1
