 
****************************************
Report : reference
Design : StructuralExactBooth8
Version: O-2018.06-SP1
Date   : Tue Mar 31 23:12:26 2026
****************************************

Attributes:
    b - black box (unknown)
   bo - allows boundary optimization
    d - dont_touch
   mo - map_only
    h - hierarchical
    n - noncombinational
    r - removable
    s - synthetic operator
    u - contains unmapped logic

Reference          Library       Unit Area   Count    Total Area   Attributes
-----------------------------------------------------------------------------
AND3_X1            NangateOpenCellLibrary
                                  1.330000       1      1.330000  
AOI22_X1           NangateOpenCellLibrary
                                  1.330000      28     37.240001  
CLKBUF_X1          NangateOpenCellLibrary
                                  0.798000       1      0.798000  
ExactEncoder_0                    6.118000       1      6.118000  h
ExactEncoder_1                    6.118000       1      6.118000  h
ExactEncoder_2                    6.118000       1      6.118000  h
ExactEncoder_3                    2.128000       1      2.128000  h
FA_X1              NangateOpenCellLibrary
                                  4.256000      24    102.144001  r
HA_X1              NangateOpenCellLibrary
                                  2.660000       8     21.280001  r
INV_X1             NangateOpenCellLibrary
                                  0.532000      11      5.852000  
MUX2_X1            NangateOpenCellLibrary
                                  1.862000      36     67.032000  
NAND2_X1           NangateOpenCellLibrary
                                  0.798000      13     10.374000  
NAND3_X1           NangateOpenCellLibrary
                                  1.064000       2      2.128000  
NOR2_X1            NangateOpenCellLibrary
                                  0.798000       8      6.384000  
OAI21_X1           NangateOpenCellLibrary
                                  1.064000       4      4.256000  
OR2_X1             NangateOpenCellLibrary
                                  1.064000       1      1.064000  
XNOR2_X1           NangateOpenCellLibrary
                                  1.596000       1      1.596000  
XOR2_X1            NangateOpenCellLibrary
                                  1.596000       6      9.576000  
-----------------------------------------------------------------------------
Total 18 references                                   291.536002
1
